2025-03-20 10:38:55 [main] INFO  c.example.TicketExporterApplication - Starting TicketExporterApplication using Java 17.0.14 with PID 12832 (C:\Users\David Vo\Desktop\TicketProject\ExtractTicket\target\classes started by David Vo in C:\Users\David Vo\Desktop\TicketProject\ExtractTicket)
2025-03-20 10:38:55 [main] DEBUG c.example.TicketExporterApplication - Running with Spring Boot v3.2.3, Spring v6.1.4
2025-03-20 10:38:55 [main] INFO  c.example.TicketExporterApplication - No active profile set, falling back to 1 default profile: "default"
2025-03-20 10:38:56 [main] INFO  c.example.TicketExporterApplication - Starting TicketExporterApplication using Java 17.0.14 with PID 3336 (C:\Users\David Vo\Desktop\TicketProject\ExtractTicket\target\classes started by David Vo in C:\Users\David Vo\Desktop\TicketProject\ExtractTicket)
2025-03-20 10:38:56 [main] DEBUG c.example.TicketExporterApplication - Running with Spring Boot v3.2.3, Spring v6.1.4
2025-03-20 10:38:56 [main] INFO  c.example.TicketExporterApplication - No active profile set, falling back to 1 default profile: "default"
2025-03-20 10:38:59 [main] INFO  o.s.b.w.e.tomcat.TomcatWebServer - Tomcat initialized with port 8080 (http)
2025-03-20 10:38:59 [main] INFO  o.a.coyote.http11.Http11NioProtocol - Initializing ProtocolHandler ["http-nio-8080"]
2025-03-20 10:38:59 [main] INFO  o.a.catalina.core.StandardService - Starting service [Tomcat]
2025-03-20 10:38:59 [main] INFO  o.a.catalina.core.StandardEngine - Starting Servlet engine: [Apache Tomcat/10.1.19]
2025-03-20 10:39:00 [main] INFO  o.a.c.c.C.[Tomcat].[localhost].[/] - Initializing Spring embedded WebApplicationContext
2025-03-20 10:39:00 [main] INFO  o.s.b.w.s.c.ServletWebServerApplicationContext - Root WebApplicationContext: initialization completed in 4808 ms
2025-03-20 10:39:01 [main] INFO  o.s.b.w.e.tomcat.TomcatWebServer - Tomcat initialized with port 8080 (http)
2025-03-20 10:39:01 [main] INFO  o.a.coyote.http11.Http11NioProtocol - Initializing ProtocolHandler ["http-nio-8080"]
2025-03-20 10:39:01 [main] INFO  o.a.catalina.core.StandardService - Starting service [Tomcat]
2025-03-20 10:39:01 [main] INFO  o.a.catalina.core.StandardEngine - Starting Servlet engine: [Apache Tomcat/10.1.19]
2025-03-20 10:39:01 [main] INFO  o.a.c.c.C.[Tomcat].[localhost].[/] - Initializing Spring embedded WebApplicationContext
2025-03-20 10:39:01 [main] INFO  o.s.b.w.s.c.ServletWebServerApplicationContext - Root WebApplicationContext: initialization completed in 4720 ms
2025-03-20 10:39:03 [main] INFO  o.a.coyote.http11.Http11NioProtocol - Starting ProtocolHandler ["http-nio-8080"]
2025-03-20 10:39:03 [main] INFO  o.s.b.w.e.tomcat.TomcatWebServer - Tomcat started on port 8080 (http) with context path ''
2025-03-20 10:39:03 [main] INFO  c.example.TicketExporterApplication - Started TicketExporterApplication in 9.976 seconds (process running for 10.951)
2025-03-20 10:39:04 [main] INFO  o.a.coyote.http11.Http11NioProtocol - Starting ProtocolHandler ["http-nio-8080"]
2025-03-20 10:39:04 [main] WARN  o.s.b.w.s.c.AnnotationConfigServletWebServerApplicationContext - Exception encountered during context initialization - cancelling refresh attempt: org.springframework.context.ApplicationContextException: Failed to start bean 'webServerStartStop'
2025-03-20 10:39:04 [main] INFO  o.s.b.a.l.ConditionEvaluationReportLogger - 

Error starting ApplicationContext. To display the condition evaluation report re-run your application with 'debug' enabled.
2025-03-20 10:39:04 [main] ERROR o.s.b.d.LoggingFailureAnalysisReporter - 

***************************
APPLICATION FAILED TO START
***************************

Description:

Web server failed to start. Port 8080 was already in use.

Action:

Identify and stop the process that's listening on port 8080 or configure this application to listen on another port.

2025-03-20 10:39:06 [http-nio-8080-exec-1] INFO  o.a.c.c.C.[Tomcat].[localhost].[/] - Initializing Spring DispatcherServlet 'dispatcherServlet'
2025-03-20 10:39:06 [http-nio-8080-exec-1] INFO  o.s.web.servlet.DispatcherServlet - Initializing Servlet 'dispatcherServlet'
2025-03-20 10:39:06 [http-nio-8080-exec-1] INFO  o.s.web.servlet.DispatcherServlet - Completed initialization in 7 ms
2025-03-20 10:39:06 [http-nio-8080-exec-1] DEBUG c.e.service.TicketExportService - Fetching tickets for preview
2025-03-20 10:39:06 [http-nio-8080-exec-1] INFO  com.zaxxer.hikari.HikariDataSource - HikariPool-1 - Starting...
2025-03-20 10:39:07 [http-nio-8080-exec-1] INFO  com.zaxxer.hikari.pool.HikariPool - HikariPool-1 - Added connection com.mysql.cj.jdbc.ConnectionImpl@d894e4e
2025-03-20 10:39:07 [http-nio-8080-exec-1] INFO  com.zaxxer.hikari.HikariDataSource - HikariPool-1 - Start completed.
2025-03-20 10:39:07 [http-nio-8080-exec-1] DEBUG c.e.m.TicketMapper.findAllTickets - ==>  Preparing: SELECT ID, TITLE, CREATED_USER AS createdUsersUsername, SUBSTRING_INDEX( SUBSTRING_INDEX( JSON_UNQUOTE(JSON_EXTRACT(DETAIL, '$.individual[5].editableAttachmentBlock')), '<dd class="attachment-author">', -1 ), '</dd>', 1) AS createdUser, CREATED_TIME AS createTime, MODIFIED_TIME AS finishedTime, LOCATION_ID AS locationId, STATUS, CONCAT( JSON_UNQUOTE(JSON_EXTRACT(DETAIL, '$.individual[0].value')), ' - ', JSON_UNQUOTE(JSON_EXTRACT(DETAIL, '$.individual[0].text'))) AS approver, JSON_UNQUOTE(JSON_EXTRACT(DETAIL, '$.individual[1].value')) AS requestDescription, JSON_UNQUOTE(JSON_EXTRACT(DETAIL, '$.individual[2].value')) AS benefitReason, JSON_UNQUOTE(JSON_EXTRACT(DETAIL, '$.individual[3].value')) AS impactedApplications FROM tickets ORDER BY ID DESC
2025-03-20 10:39:07 [http-nio-8080-exec-1] DEBUG c.e.m.TicketMapper.findAllTickets - ==> Parameters: 
2025-03-20 10:39:08 [http-nio-8080-exec-1] DEBUG c.e.m.TicketMapper.findAllTickets - <==      Total: 15
2025-03-20 10:54:55 [main] INFO  c.example.TicketExporterApplication - Starting TicketExporterApplication using Java 17.0.14 with PID 14976 (C:\Users\David Vo\Desktop\TicketProject\ExtractTicket\target\classes started by David Vo in C:\Users\David Vo\Desktop\TicketProject\ExtractTicket)
2025-03-20 10:54:55 [main] DEBUG c.example.TicketExporterApplication - Running with Spring Boot v3.2.3, Spring v6.1.4
2025-03-20 10:54:55 [main] INFO  c.example.TicketExporterApplication - No active profile set, falling back to 1 default profile: "default"
2025-03-20 10:54:59 [main] INFO  o.s.b.w.e.tomcat.TomcatWebServer - Tomcat initialized with port 8080 (http)
2025-03-20 10:54:59 [main] INFO  o.a.coyote.http11.Http11NioProtocol - Initializing ProtocolHandler ["http-nio-8080"]
2025-03-20 10:54:59 [main] INFO  o.a.catalina.core.StandardService - Starting service [Tomcat]
2025-03-20 10:54:59 [main] INFO  o.a.catalina.core.StandardEngine - Starting Servlet engine: [Apache Tomcat/10.1.19]
2025-03-20 10:54:59 [main] INFO  o.a.c.c.C.[Tomcat].[localhost].[/] - Initializing Spring embedded WebApplicationContext
2025-03-20 10:54:59 [main] INFO  o.s.b.w.s.c.ServletWebServerApplicationContext - Root WebApplicationContext: initialization completed in 3255 ms
2025-03-20 10:55:00 [main] INFO  o.a.coyote.http11.Http11NioProtocol - Starting ProtocolHandler ["http-nio-8080"]
2025-03-20 10:55:00 [main] INFO  o.s.b.w.e.tomcat.TomcatWebServer - Tomcat started on port 8080 (http) with context path ''
2025-03-20 10:55:00 [main] INFO  c.example.TicketExporterApplication - Started TicketExporterApplication in 5.791 seconds (process running for 6.497)
2025-03-20 10:55:09 [http-nio-8080-exec-1] INFO  o.a.c.c.C.[Tomcat].[localhost].[/] - Initializing Spring DispatcherServlet 'dispatcherServlet'
2025-03-20 10:55:09 [http-nio-8080-exec-1] INFO  o.s.web.servlet.DispatcherServlet - Initializing Servlet 'dispatcherServlet'
2025-03-20 10:55:09 [http-nio-8080-exec-1] INFO  o.s.web.servlet.DispatcherServlet - Completed initialization in 3 ms
2025-03-20 10:55:09 [http-nio-8080-exec-1] DEBUG c.e.service.TicketExportService - Fetching tickets for preview
2025-03-20 10:55:09 [http-nio-8080-exec-1] INFO  com.zaxxer.hikari.HikariDataSource - HikariPool-1 - Starting...
2025-03-20 10:55:10 [http-nio-8080-exec-1] INFO  com.zaxxer.hikari.pool.HikariPool - HikariPool-1 - Added connection com.mysql.cj.jdbc.ConnectionImpl@dad6a07
2025-03-20 10:55:10 [http-nio-8080-exec-1] INFO  com.zaxxer.hikari.HikariDataSource - HikariPool-1 - Start completed.
2025-03-20 10:55:10 [http-nio-8080-exec-1] DEBUG c.e.m.TicketMapper.findAllTickets - ==>  Preparing: SELECT ID, TITLE, CREATED_USER AS createdUsersUsername, SUBSTRING_INDEX( SUBSTRING_INDEX( JSON_UNQUOTE(JSON_EXTRACT(DETAIL, '$.individual[5].editableAttachmentBlock')), '<dd class="attachment-author">', -1 ), '</dd>', 1) AS createdUser, CREATED_TIME AS createTime, MODIFIED_TIME AS finishedTime, LOCATION_ID AS locationId, STATUS, CONCAT( JSON_UNQUOTE(JSON_EXTRACT(DETAIL, '$.individual[0].value')), ' - ', JSON_UNQUOTE(JSON_EXTRACT(DETAIL, '$.individual[0].text'))) AS approver, JSON_UNQUOTE(JSON_EXTRACT(DETAIL, '$.individual[1].value')) AS requestDescription, JSON_UNQUOTE(JSON_EXTRACT(DETAIL, '$.individual[2].value')) AS benefitReason, JSON_UNQUOTE(JSON_EXTRACT(DETAIL, '$.individual[3].value')) AS impactedApplications FROM tickets ORDER BY ID DESC
2025-03-20 10:55:10 [http-nio-8080-exec-1] DEBUG c.e.m.TicketMapper.findAllTickets - ==> Parameters: 
2025-03-20 10:55:10 [http-nio-8080-exec-1] DEBUG c.e.m.TicketMapper.findAllTickets - <==      Total: 15
2025-03-20 14:45:30 [main] INFO  c.example.TicketExporterApplication - Starting TicketExporterApplication using Java 17.0.14 with PID 3320 (C:\Users\David Vo\Desktop\TicketProject\ExtractTicket\target\classes started by David Vo in C:\Users\David Vo\Desktop\TicketProject\ExtractTicket)
2025-03-20 14:45:30 [main] DEBUG c.example.TicketExporterApplication - Running with Spring Boot v3.2.3, Spring v6.1.4
2025-03-20 14:45:30 [main] INFO  c.example.TicketExporterApplication - No active profile set, falling back to 1 default profile: "default"
2025-03-20 14:45:32 [main] INFO  o.s.b.w.e.tomcat.TomcatWebServer - Tomcat initialized with port 8080 (http)
2025-03-20 14:45:32 [main] INFO  o.a.coyote.http11.Http11NioProtocol - Initializing ProtocolHandler ["http-nio-8080"]
2025-03-20 14:45:32 [main] INFO  o.a.catalina.core.StandardService - Starting service [Tomcat]
2025-03-20 14:45:32 [main] INFO  o.a.catalina.core.StandardEngine - Starting Servlet engine: [Apache Tomcat/10.1.19]
2025-03-20 14:45:33 [main] INFO  o.a.c.c.C.[Tomcat].[localhost].[/] - Initializing Spring embedded WebApplicationContext
2025-03-20 14:45:33 [main] INFO  o.s.b.w.s.c.ServletWebServerApplicationContext - Root WebApplicationContext: initialization completed in 2481 ms
2025-03-20 14:45:34 [main] INFO  o.a.coyote.http11.Http11NioProtocol - Starting ProtocolHandler ["http-nio-8080"]
2025-03-20 14:45:34 [main] INFO  o.s.b.w.e.tomcat.TomcatWebServer - Tomcat started on port 8080 (http) with context path ''
2025-03-20 14:45:34 [main] INFO  c.example.TicketExporterApplication - Started TicketExporterApplication in 4.555 seconds (process running for 5.111)
2025-03-20 14:45:46 [http-nio-8080-exec-1] INFO  o.a.c.c.C.[Tomcat].[localhost].[/] - Initializing Spring DispatcherServlet 'dispatcherServlet'
2025-03-20 14:45:46 [http-nio-8080-exec-1] INFO  o.s.web.servlet.DispatcherServlet - Initializing Servlet 'dispatcherServlet'
2025-03-20 14:45:46 [http-nio-8080-exec-1] INFO  o.s.web.servlet.DispatcherServlet - Completed initialization in 1 ms
2025-03-20 14:45:46 [http-nio-8080-exec-1] DEBUG c.e.service.TicketExportService - Fetching tickets for preview
2025-03-20 14:45:46 [http-nio-8080-exec-1] INFO  com.zaxxer.hikari.HikariDataSource - HikariPool-1 - Starting...
2025-03-20 14:45:47 [http-nio-8080-exec-1] INFO  com.zaxxer.hikari.pool.HikariPool - HikariPool-1 - Added connection com.mysql.cj.jdbc.ConnectionImpl@dad6a07
2025-03-20 14:45:47 [http-nio-8080-exec-1] INFO  com.zaxxer.hikari.HikariDataSource - HikariPool-1 - Start completed.
2025-03-20 14:45:47 [http-nio-8080-exec-1] DEBUG c.e.m.TicketMapper.findAllTickets - ==>  Preparing: SELECT ID, TITLE, CREATED_USER AS createdUsersUsername, SUBSTRING_INDEX( SUBSTRING_INDEX( JSON_UNQUOTE(JSON_EXTRACT(DETAIL, '$.individual[5].editableAttachmentBlock')), '<dd class="attachment-author">', -1 ), '</dd>', 1) AS createdUser, CREATED_TIME AS createTime, MODIFIED_TIME AS finishedTime, LOCATION_ID AS locationId, STATUS, CONCAT( JSON_UNQUOTE(JSON_EXTRACT(DETAIL, '$.individual[0].value')), ' - ', JSON_UNQUOTE(JSON_EXTRACT(DETAIL, '$.individual[0].text'))) AS approver, JSON_UNQUOTE(JSON_EXTRACT(DETAIL, '$.individual[1].value')) AS requestDescription, JSON_UNQUOTE(JSON_EXTRACT(DETAIL, '$.individual[2].value')) AS benefitReason, JSON_UNQUOTE(JSON_EXTRACT(DETAIL, '$.individual[3].value')) AS impactedApplications FROM tickets ORDER BY ID DESC
2025-03-20 14:45:47 [http-nio-8080-exec-1] DEBUG c.e.m.TicketMapper.findAllTickets - ==> Parameters: 
2025-03-20 14:45:47 [http-nio-8080-exec-1] DEBUG c.e.m.TicketMapper.findAllTickets - <==      Total: 15
2025-03-20 16:10:11 [main] INFO  c.example.TicketExporterApplication - Starting TicketExporterApplication using Java 17.0.14 with PID 10500 (C:\Users\David Vo\Desktop\TicketProject\ExtractTicket\target\classes started by David Vo in C:\Users\David Vo\Desktop\TicketProject\ExtractTicket)
2025-03-20 16:10:11 [main] DEBUG c.example.TicketExporterApplication - Running with Spring Boot v3.2.3, Spring v6.1.4
2025-03-20 16:10:11 [main] INFO  c.example.TicketExporterApplication - No active profile set, falling back to 1 default profile: "default"
2025-03-20 16:10:14 [main] INFO  o.s.b.w.e.tomcat.TomcatWebServer - Tomcat initialized with port 8080 (http)
2025-03-20 16:10:14 [main] INFO  o.a.coyote.http11.Http11NioProtocol - Initializing ProtocolHandler ["http-nio-8080"]
2025-03-20 16:10:14 [main] INFO  o.a.catalina.core.StandardService - Starting service [Tomcat]
2025-03-20 16:10:14 [main] INFO  o.a.catalina.core.StandardEngine - Starting Servlet engine: [Apache Tomcat/10.1.19]
2025-03-20 16:10:14 [main] INFO  o.a.c.c.C.[Tomcat].[localhost].[/] - Initializing Spring embedded WebApplicationContext
2025-03-20 16:10:14 [main] INFO  o.s.b.w.s.c.ServletWebServerApplicationContext - Root WebApplicationContext: initialization completed in 3084 ms
2025-03-20 16:10:16 [main] INFO  o.a.coyote.http11.Http11NioProtocol - Starting ProtocolHandler ["http-nio-8080"]
2025-03-20 16:10:16 [main] INFO  o.s.b.w.e.tomcat.TomcatWebServer - Tomcat started on port 8080 (http) with context path ''
2025-03-20 16:10:16 [main] INFO  c.example.TicketExporterApplication - Started TicketExporterApplication in 6.074 seconds (process running for 7.099)
2025-03-20 16:10:25 [http-nio-8080-exec-1] INFO  o.a.c.c.C.[Tomcat].[localhost].[/] - Initializing Spring DispatcherServlet 'dispatcherServlet'
2025-03-20 16:10:25 [http-nio-8080-exec-1] INFO  o.s.web.servlet.DispatcherServlet - Initializing Servlet 'dispatcherServlet'
2025-03-20 16:10:25 [http-nio-8080-exec-1] INFO  o.s.web.servlet.DispatcherServlet - Completed initialization in 3 ms
2025-03-20 16:10:26 [http-nio-8080-exec-1] DEBUG c.e.service.TicketExportService - Fetching tickets for preview
2025-03-20 16:10:26 [http-nio-8080-exec-1] INFO  com.zaxxer.hikari.HikariDataSource - HikariPool-1 - Starting...
2025-03-20 16:10:26 [http-nio-8080-exec-1] INFO  com.zaxxer.hikari.pool.HikariPool - HikariPool-1 - Added connection com.mysql.cj.jdbc.ConnectionImpl@61460cb7
2025-03-20 16:10:26 [http-nio-8080-exec-1] INFO  com.zaxxer.hikari.HikariDataSource - HikariPool-1 - Start completed.
2025-03-20 16:10:27 [http-nio-8080-exec-1] DEBUG c.e.m.TicketMapper.findAllTickets - ==>  Preparing: SELECT ID, TITLE, CREATED_USER AS createdUsersUsername, SUBSTRING_INDEX( SUBSTRING_INDEX( JSON_UNQUOTE(JSON_EXTRACT(DETAIL, '$.individual[5].editableAttachmentBlock')), '<dd class="attachment-author">', -1 ), '</dd>', 1) AS createdUser, CREATED_TIME AS createTime, MODIFIED_TIME AS finishedTime, LOCATION_ID AS locationId, STATUS, CONCAT( JSON_UNQUOTE(JSON_EXTRACT(DETAIL, '$.individual[0].value')), ' - ', JSON_UNQUOTE(JSON_EXTRACT(DETAIL, '$.individual[0].text'))) AS approver, JSON_UNQUOTE(JSON_EXTRACT(DETAIL, '$.individual[1].value')) AS requestDescription, JSON_UNQUOTE(JSON_EXTRACT(DETAIL, '$.individual[2].value')) AS benefitReason, JSON_UNQUOTE(JSON_EXTRACT(DETAIL, '$.individual[3].value')) AS impactedApplications FROM tickets ORDER BY ID DESC
2025-03-20 16:10:27 [http-nio-8080-exec-1] DEBUG c.e.m.TicketMapper.findAllTickets - ==> Parameters: 
2025-03-20 16:10:27 [http-nio-8080-exec-1] DEBUG c.e.m.TicketMapper.findAllTickets - <==      Total: 15
