2025-04-10 13:29:27 [main] INFO  c.example.TicketExporterApplication - Starting TicketExporterApplication using Java 17.0.14 with PID 6812 (C:\Users\David Vo\Desktop\TicketProject\ExtractTicket\target\classes started by David Vo in C:\Users\David Vo\Desktop\TicketProject\ExtractTicket)
2025-04-10 13:29:27 [main] DEBUG c.example.TicketExporterApplication - Running with Spring Boot v3.2.3, Spring v6.1.4
2025-04-10 13:29:27 [main] INFO  c.example.TicketExporterApplication - No active profile set, falling back to 1 default profile: "default"
2025-04-10 13:29:29 [main] INFO  o.s.b.w.e.tomcat.TomcatWebServer - Tomcat initialized with port 8080 (http)
2025-04-10 13:29:29 [main] INFO  o.a.coyote.http11.Http11NioProtocol - Initializing ProtocolHandler ["http-nio-8080"]
2025-04-10 13:29:29 [main] INFO  o.a.catalina.core.StandardService - Starting service [Tomcat]
2025-04-10 13:29:29 [main] INFO  o.a.catalina.core.StandardEngine - Starting Servlet engine: [Apache Tomcat/10.1.19]
2025-04-10 13:29:29 [main] INFO  o.a.c.c.C.[Tomcat].[localhost].[/] - Initializing Spring embedded WebApplicationContext
2025-04-10 13:29:29 [main] INFO  o.s.b.w.s.c.ServletWebServerApplicationContext - Root WebApplicationContext: initialization completed in 2043 ms
2025-04-10 13:29:30 [main] INFO  o.a.coyote.http11.Http11NioProtocol - Starting ProtocolHandler ["http-nio-8080"]
2025-04-10 13:29:30 [main] INFO  o.s.b.w.e.tomcat.TomcatWebServer - Tomcat started on port 8080 (http) with context path ''
2025-04-10 13:29:30 [main] INFO  c.example.TicketExporterApplication - Started TicketExporterApplication in 4.071 seconds (process running for 4.74)
2025-04-10 13:30:36 [http-nio-8080-exec-1] INFO  o.a.c.c.C.[Tomcat].[localhost].[/] - Initializing Spring DispatcherServlet 'dispatcherServlet'
2025-04-10 13:30:36 [http-nio-8080-exec-1] INFO  o.s.web.servlet.DispatcherServlet - Initializing Servlet 'dispatcherServlet'
2025-04-10 13:30:36 [http-nio-8080-exec-1] INFO  o.s.web.servlet.DispatcherServlet - Completed initialization in 11 ms
2025-04-10 13:30:36 [http-nio-8080-exec-1] DEBUG c.e.service.TicketExportService - Fetching tickets for preview
2025-04-10 13:30:36 [http-nio-8080-exec-1] INFO  com.zaxxer.hikari.HikariDataSource - HikariPool-1 - Starting...
2025-04-10 13:30:37 [http-nio-8080-exec-1] INFO  com.zaxxer.hikari.pool.HikariPool - HikariPool-1 - Added connection com.mysql.cj.jdbc.ConnectionImpl@373bdb00
2025-04-10 13:30:37 [http-nio-8080-exec-1] INFO  com.zaxxer.hikari.HikariDataSource - HikariPool-1 - Start completed.
2025-04-10 13:30:37 [http-nio-8080-exec-1] DEBUG c.e.m.TicketMapper.findAllTickets - ==>  Preparing: SELECT ID, TITLE, CREATED_USER AS createdUsersUsername, SUBSTRING_INDEX( SUBSTRING_INDEX( JSON_UNQUOTE(JSON_EXTRACT(DETAIL, '$.individual[5].editableAttachmentBlock')), '<dd class="attachment-author">', -1 ), '</dd>', 1) AS createdUser, CREATED_TIME AS createTime, MODIFIED_TIME AS finishedTime, LOCATION_ID AS locationId, STATUS, CONCAT( JSON_UNQUOTE(JSON_EXTRACT(DETAIL, '$.individual[0].value')), ' - ', JSON_UNQUOTE(JSON_EXTRACT(DETAIL, '$.individual[0].text'))) AS approver, JSON_UNQUOTE(JSON_EXTRACT(DETAIL, '$.individual[1].value')) AS requestDescription, JSON_UNQUOTE(JSON_EXTRACT(DETAIL, '$.individual[2].value')) AS benefitReason, JSON_UNQUOTE(JSON_EXTRACT(DETAIL, '$.individual[3].value')) AS impactedApplications FROM tickets ORDER BY ID DESC
2025-04-10 13:30:37 [http-nio-8080-exec-1] DEBUG c.e.m.TicketMapper.findAllTickets - ==> Parameters: 
2025-04-10 13:30:37 [http-nio-8080-exec-1] DEBUG c.e.m.TicketMapper.findAllTickets - <==      Total: 15
