2025-03-28 14:01:50 [main] INFO  c.example.TicketExporterApplication - Starting TicketExporterApplication using Java 17.0.14 with PID 15168 (C:\Users\David Vo\Desktop\TicketProject\ExtractTicket\target\classes started by David Vo in C:\Users\David Vo\Desktop\TicketProject)
2025-03-28 14:01:50 [main] DEBUG c.example.TicketExporterApplication - Running with Spring Boot v3.2.3, Spring v6.1.4
2025-03-28 14:01:50 [main] INFO  c.example.TicketExporterApplication - No active profile set, falling back to 1 default profile: "default"
2025-03-28 14:01:53 [main] INFO  o.s.b.w.e.tomcat.TomcatWebServer - Tomcat initialized with port 8080 (http)
2025-03-28 14:01:53 [main] INFO  o.a.coyote.http11.Http11NioProtocol - Initializing ProtocolHandler ["http-nio-8080"]
2025-03-28 14:01:53 [main] INFO  o.a.catalina.core.StandardService - Starting service [Tomcat]
2025-03-28 14:01:53 [main] INFO  o.a.catalina.core.StandardEngine - Starting Servlet engine: [Apache Tomcat/10.1.19]
2025-03-28 14:01:54 [main] INFO  o.a.c.c.C.[Tomcat].[localhost].[/] - Initializing Spring embedded WebApplicationContext
2025-03-28 14:01:54 [main] INFO  o.s.b.w.s.c.ServletWebServerApplicationContext - Root WebApplicationContext: initialization completed in 3515 ms
2025-03-28 14:01:56 [main] INFO  o.a.coyote.http11.Http11NioProtocol - Starting ProtocolHandler ["http-nio-8080"]
2025-03-28 14:01:57 [main] INFO  o.s.b.w.e.tomcat.TomcatWebServer - Tomcat started on port 8080 (http) with context path ''
2025-03-28 14:01:57 [main] INFO  c.example.TicketExporterApplication - Started TicketExporterApplication in 7.492 seconds (process running for 11.408)
2025-03-28 14:02:36 [http-nio-8080-exec-1] INFO  o.a.c.c.C.[Tomcat].[localhost].[/] - Initializing Spring DispatcherServlet 'dispatcherServlet'
2025-03-28 14:02:36 [http-nio-8080-exec-1] INFO  o.s.web.servlet.DispatcherServlet - Initializing Servlet 'dispatcherServlet'
2025-03-28 14:02:36 [http-nio-8080-exec-1] INFO  o.s.web.servlet.DispatcherServlet - Completed initialization in 2 ms
2025-03-28 14:02:46 [http-nio-8080-exec-3] INFO  c.e.c.TicketExportController - Received API request to export tickets
2025-03-28 14:02:46 [http-nio-8080-exec-3] DEBUG c.e.service.TicketExportService - Starting async ticket export process
2025-03-28 14:02:46 [http-nio-8080-exec-3] INFO  com.zaxxer.hikari.HikariDataSource - HikariPool-1 - Starting...
2025-03-28 14:02:48 [http-nio-8080-exec-3] INFO  com.zaxxer.hikari.pool.HikariPool - HikariPool-1 - Added connection com.mysql.cj.jdbc.ConnectionImpl@13f3a1c0
2025-03-28 14:02:48 [http-nio-8080-exec-3] INFO  com.zaxxer.hikari.HikariDataSource - HikariPool-1 - Start completed.
2025-03-28 14:02:48 [http-nio-8080-exec-3] DEBUG c.e.m.TicketMapper.findAllTickets - ==>  Preparing: SELECT ID, TITLE, CREATED_USER AS createdUsersUsername, SUBSTRING_INDEX( SUBSTRING_INDEX( JSON_UNQUOTE(JSON_EXTRACT(DETAIL, '$.individual[5].editableAttachmentBlock')), '<dd class="attachment-author">', -1 ), '</dd>', 1) AS createdUser, CREATED_TIME AS createTime, MODIFIED_TIME AS finishedTime, LOCATION_ID AS locationId, STATUS, CONCAT( JSON_UNQUOTE(JSON_EXTRACT(DETAIL, '$.individual[0].value')), ' - ', JSON_UNQUOTE(JSON_EXTRACT(DETAIL, '$.individual[0].text'))) AS approver, JSON_UNQUOTE(JSON_EXTRACT(DETAIL, '$.individual[1].value')) AS requestDescription, JSON_UNQUOTE(JSON_EXTRACT(DETAIL, '$.individual[2].value')) AS benefitReason, JSON_UNQUOTE(JSON_EXTRACT(DETAIL, '$.individual[3].value')) AS impactedApplications FROM tickets ORDER BY ID DESC
2025-03-28 14:02:48 [http-nio-8080-exec-3] DEBUG c.e.m.TicketMapper.findAllTickets - ==> Parameters: 
2025-03-28 14:02:48 [http-nio-8080-exec-3] DEBUG c.e.m.TicketMapper.findAllTickets - <==      Total: 15
2025-03-28 14:02:48 [http-nio-8080-exec-3] DEBUG com.example.util.ExcelGenerator - Creating Excel workbook with 15 tickets
2025-03-28 14:02:50 [http-nio-8080-exec-3] INFO  c.e.service.TicketExportService - Excel file written to C:\Users\David Vo\Desktop\TicketProject\.\output.xlsx
2025-03-28 14:03:00 [http-nio-8080-exec-5] INFO  c.e.c.TicketExportController - Received web request to export tickets
2025-03-28 14:03:00 [http-nio-8080-exec-5] DEBUG c.e.service.TicketExportService - Starting async ticket export process
2025-03-28 14:03:00 [http-nio-8080-exec-5] DEBUG c.e.m.TicketMapper.findAllTickets - ==>  Preparing: SELECT ID, TITLE, CREATED_USER AS createdUsersUsername, SUBSTRING_INDEX( SUBSTRING_INDEX( JSON_UNQUOTE(JSON_EXTRACT(DETAIL, '$.individual[5].editableAttachmentBlock')), '<dd class="attachment-author">', -1 ), '</dd>', 1) AS createdUser, CREATED_TIME AS createTime, MODIFIED_TIME AS finishedTime, LOCATION_ID AS locationId, STATUS, CONCAT( JSON_UNQUOTE(JSON_EXTRACT(DETAIL, '$.individual[0].value')), ' - ', JSON_UNQUOTE(JSON_EXTRACT(DETAIL, '$.individual[0].text'))) AS approver, JSON_UNQUOTE(JSON_EXTRACT(DETAIL, '$.individual[1].value')) AS requestDescription, JSON_UNQUOTE(JSON_EXTRACT(DETAIL, '$.individual[2].value')) AS benefitReason, JSON_UNQUOTE(JSON_EXTRACT(DETAIL, '$.individual[3].value')) AS impactedApplications FROM tickets ORDER BY ID DESC
2025-03-28 14:03:00 [http-nio-8080-exec-5] DEBUG c.e.m.TicketMapper.findAllTickets - ==> Parameters: 
2025-03-28 14:03:00 [http-nio-8080-exec-5] DEBUG c.e.m.TicketMapper.findAllTickets - <==      Total: 15
2025-03-28 14:03:00 [http-nio-8080-exec-5] DEBUG com.example.util.ExcelGenerator - Creating Excel workbook with 15 tickets
2025-03-28 14:03:00 [http-nio-8080-exec-5] INFO  c.e.service.TicketExportService - Excel file written to C:\Users\David Vo\Desktop\TicketProject\.\output.xlsx
2025-03-28 14:03:49 [http-nio-8080-exec-7] DEBUG c.e.service.TicketExportService - Fetching tickets for preview
2025-03-28 14:03:49 [http-nio-8080-exec-7] DEBUG c.e.m.TicketMapper.findAllTickets - ==>  Preparing: SELECT ID, TITLE, CREATED_USER AS createdUsersUsername, SUBSTRING_INDEX( SUBSTRING_INDEX( JSON_UNQUOTE(JSON_EXTRACT(DETAIL, '$.individual[5].editableAttachmentBlock')), '<dd class="attachment-author">', -1 ), '</dd>', 1) AS createdUser, CREATED_TIME AS createTime, MODIFIED_TIME AS finishedTime, LOCATION_ID AS locationId, STATUS, CONCAT( JSON_UNQUOTE(JSON_EXTRACT(DETAIL, '$.individual[0].value')), ' - ', JSON_UNQUOTE(JSON_EXTRACT(DETAIL, '$.individual[0].text'))) AS approver, JSON_UNQUOTE(JSON_EXTRACT(DETAIL, '$.individual[1].value')) AS requestDescription, JSON_UNQUOTE(JSON_EXTRACT(DETAIL, '$.individual[2].value')) AS benefitReason, JSON_UNQUOTE(JSON_EXTRACT(DETAIL, '$.individual[3].value')) AS impactedApplications FROM tickets ORDER BY ID DESC
2025-03-28 14:03:49 [http-nio-8080-exec-7] DEBUG c.e.m.TicketMapper.findAllTickets - ==> Parameters: 
2025-03-28 14:03:49 [http-nio-8080-exec-7] DEBUG c.e.m.TicketMapper.findAllTickets - <==      Total: 15
2025-03-28 14:04:08 [http-nio-8080-exec-10] INFO  c.e.c.TicketExportController - Received web request to export tickets
2025-03-28 14:04:08 [http-nio-8080-exec-10] DEBUG c.e.service.TicketExportService - Starting async ticket export process
2025-03-28 14:04:08 [http-nio-8080-exec-10] DEBUG c.e.m.TicketMapper.findAllTickets - ==>  Preparing: SELECT ID, TITLE, CREATED_USER AS createdUsersUsername, SUBSTRING_INDEX( SUBSTRING_INDEX( JSON_UNQUOTE(JSON_EXTRACT(DETAIL, '$.individual[5].editableAttachmentBlock')), '<dd class="attachment-author">', -1 ), '</dd>', 1) AS createdUser, CREATED_TIME AS createTime, MODIFIED_TIME AS finishedTime, LOCATION_ID AS locationId, STATUS, CONCAT( JSON_UNQUOTE(JSON_EXTRACT(DETAIL, '$.individual[0].value')), ' - ', JSON_UNQUOTE(JSON_EXTRACT(DETAIL, '$.individual[0].text'))) AS approver, JSON_UNQUOTE(JSON_EXTRACT(DETAIL, '$.individual[1].value')) AS requestDescription, JSON_UNQUOTE(JSON_EXTRACT(DETAIL, '$.individual[2].value')) AS benefitReason, JSON_UNQUOTE(JSON_EXTRACT(DETAIL, '$.individual[3].value')) AS impactedApplications FROM tickets ORDER BY ID DESC
2025-03-28 14:04:08 [http-nio-8080-exec-10] DEBUG c.e.m.TicketMapper.findAllTickets - ==> Parameters: 
2025-03-28 14:04:08 [http-nio-8080-exec-10] DEBUG c.e.m.TicketMapper.findAllTickets - <==      Total: 15
2025-03-28 14:04:08 [http-nio-8080-exec-10] DEBUG com.example.util.ExcelGenerator - Creating Excel workbook with 15 tickets
2025-03-28 14:04:08 [http-nio-8080-exec-10] INFO  c.e.service.TicketExportService - Excel file written to C:\Users\David Vo\Desktop\TicketProject\.\output.xlsx
2025-03-28 14:06:29 [http-nio-8080-exec-3] WARN  o.s.w.s.m.s.DefaultHandlerExceptionResolver - Resolved [org.springframework.web.HttpRequestMethodNotSupportedException: Request method 'POST' is not supported]
2025-03-28 14:07:01 [http-nio-8080-exec-5] WARN  o.s.w.s.m.s.DefaultHandlerExceptionResolver - Resolved [org.springframework.web.HttpRequestMethodNotSupportedException: Request method 'POST' is not supported]
2025-03-28 14:07:13 [http-nio-8080-exec-9] WARN  o.s.w.s.m.s.DefaultHandlerExceptionResolver - Resolved [org.springframework.web.HttpRequestMethodNotSupportedException: Request method 'POST' is not supported]
2025-03-28 14:07:19 [http-nio-8080-exec-6] WARN  o.s.w.s.m.s.DefaultHandlerExceptionResolver - Resolved [org.springframework.web.HttpRequestMethodNotSupportedException: Request method 'POST' is not supported]
2025-03-28 14:08:05 [http-nio-8080-exec-8] DEBUG c.e.service.TicketExportService - Fetching tickets for preview
2025-03-28 14:08:05 [http-nio-8080-exec-8] DEBUG c.e.m.TicketMapper.findAllTickets - ==>  Preparing: SELECT ID, TITLE, CREATED_USER AS createdUsersUsername, SUBSTRING_INDEX( SUBSTRING_INDEX( JSON_UNQUOTE(JSON_EXTRACT(DETAIL, '$.individual[5].editableAttachmentBlock')), '<dd class="attachment-author">', -1 ), '</dd>', 1) AS createdUser, CREATED_TIME AS createTime, MODIFIED_TIME AS finishedTime, LOCATION_ID AS locationId, STATUS, CONCAT( JSON_UNQUOTE(JSON_EXTRACT(DETAIL, '$.individual[0].value')), ' - ', JSON_UNQUOTE(JSON_EXTRACT(DETAIL, '$.individual[0].text'))) AS approver, JSON_UNQUOTE(JSON_EXTRACT(DETAIL, '$.individual[1].value')) AS requestDescription, JSON_UNQUOTE(JSON_EXTRACT(DETAIL, '$.individual[2].value')) AS benefitReason, JSON_UNQUOTE(JSON_EXTRACT(DETAIL, '$.individual[3].value')) AS impactedApplications FROM tickets ORDER BY ID DESC
2025-03-28 14:08:05 [http-nio-8080-exec-8] DEBUG c.e.m.TicketMapper.findAllTickets - ==> Parameters: 
2025-03-28 14:08:05 [http-nio-8080-exec-8] DEBUG c.e.m.TicketMapper.findAllTickets - <==      Total: 15
2025-03-28 14:08:22 [http-nio-8080-exec-7] INFO  c.e.c.TicketExportController - Received web request to export tickets
2025-03-28 14:08:22 [http-nio-8080-exec-7] DEBUG c.e.service.TicketExportService - Starting async ticket export process
2025-03-28 14:08:22 [http-nio-8080-exec-7] DEBUG c.e.m.TicketMapper.findAllTickets - ==>  Preparing: SELECT ID, TITLE, CREATED_USER AS createdUsersUsername, SUBSTRING_INDEX( SUBSTRING_INDEX( JSON_UNQUOTE(JSON_EXTRACT(DETAIL, '$.individual[5].editableAttachmentBlock')), '<dd class="attachment-author">', -1 ), '</dd>', 1) AS createdUser, CREATED_TIME AS createTime, MODIFIED_TIME AS finishedTime, LOCATION_ID AS locationId, STATUS, CONCAT( JSON_UNQUOTE(JSON_EXTRACT(DETAIL, '$.individual[0].value')), ' - ', JSON_UNQUOTE(JSON_EXTRACT(DETAIL, '$.individual[0].text'))) AS approver, JSON_UNQUOTE(JSON_EXTRACT(DETAIL, '$.individual[1].value')) AS requestDescription, JSON_UNQUOTE(JSON_EXTRACT(DETAIL, '$.individual[2].value')) AS benefitReason, JSON_UNQUOTE(JSON_EXTRACT(DETAIL, '$.individual[3].value')) AS impactedApplications FROM tickets ORDER BY ID DESC
2025-03-28 14:08:22 [http-nio-8080-exec-7] DEBUG c.e.m.TicketMapper.findAllTickets - ==> Parameters: 
2025-03-28 14:08:22 [http-nio-8080-exec-7] DEBUG c.e.m.TicketMapper.findAllTickets - <==      Total: 15
2025-03-28 14:08:22 [http-nio-8080-exec-7] DEBUG com.example.util.ExcelGenerator - Creating Excel workbook with 15 tickets
2025-03-28 14:08:22 [http-nio-8080-exec-7] INFO  c.e.service.TicketExportService - Excel file written to C:\Users\David Vo\Desktop\TicketProject\.\output.xlsx
2025-03-28 14:08:31 [http-nio-8080-exec-10] INFO  c.e.c.TicketExportController - Received API request to export tickets
2025-03-28 14:08:31 [http-nio-8080-exec-10] DEBUG c.e.service.TicketExportService - Starting async ticket export process
2025-03-28 14:08:31 [http-nio-8080-exec-10] DEBUG c.e.m.TicketMapper.findAllTickets - ==>  Preparing: SELECT ID, TITLE, CREATED_USER AS createdUsersUsername, SUBSTRING_INDEX( SUBSTRING_INDEX( JSON_UNQUOTE(JSON_EXTRACT(DETAIL, '$.individual[5].editableAttachmentBlock')), '<dd class="attachment-author">', -1 ), '</dd>', 1) AS createdUser, CREATED_TIME AS createTime, MODIFIED_TIME AS finishedTime, LOCATION_ID AS locationId, STATUS, CONCAT( JSON_UNQUOTE(JSON_EXTRACT(DETAIL, '$.individual[0].value')), ' - ', JSON_UNQUOTE(JSON_EXTRACT(DETAIL, '$.individual[0].text'))) AS approver, JSON_UNQUOTE(JSON_EXTRACT(DETAIL, '$.individual[1].value')) AS requestDescription, JSON_UNQUOTE(JSON_EXTRACT(DETAIL, '$.individual[2].value')) AS benefitReason, JSON_UNQUOTE(JSON_EXTRACT(DETAIL, '$.individual[3].value')) AS impactedApplications FROM tickets ORDER BY ID DESC
2025-03-28 14:08:31 [http-nio-8080-exec-10] DEBUG c.e.m.TicketMapper.findAllTickets - ==> Parameters: 
2025-03-28 14:08:31 [http-nio-8080-exec-10] DEBUG c.e.m.TicketMapper.findAllTickets - <==      Total: 15
2025-03-28 14:08:31 [http-nio-8080-exec-10] DEBUG com.example.util.ExcelGenerator - Creating Excel workbook with 15 tickets
2025-03-28 14:08:31 [http-nio-8080-exec-10] INFO  c.e.service.TicketExportService - Excel file written to C:\Users\David Vo\Desktop\TicketProject\.\output.xlsx
2025-03-28 14:09:30 [http-nio-8080-exec-1] DEBUG c.e.service.TicketExportService - Fetching tickets for preview
2025-03-28 14:09:30 [http-nio-8080-exec-1] DEBUG c.e.m.TicketMapper.findAllTickets - ==>  Preparing: SELECT ID, TITLE, CREATED_USER AS createdUsersUsername, SUBSTRING_INDEX( SUBSTRING_INDEX( JSON_UNQUOTE(JSON_EXTRACT(DETAIL, '$.individual[5].editableAttachmentBlock')), '<dd class="attachment-author">', -1 ), '</dd>', 1) AS createdUser, CREATED_TIME AS createTime, MODIFIED_TIME AS finishedTime, LOCATION_ID AS locationId, STATUS, CONCAT( JSON_UNQUOTE(JSON_EXTRACT(DETAIL, '$.individual[0].value')), ' - ', JSON_UNQUOTE(JSON_EXTRACT(DETAIL, '$.individual[0].text'))) AS approver, JSON_UNQUOTE(JSON_EXTRACT(DETAIL, '$.individual[1].value')) AS requestDescription, JSON_UNQUOTE(JSON_EXTRACT(DETAIL, '$.individual[2].value')) AS benefitReason, JSON_UNQUOTE(JSON_EXTRACT(DETAIL, '$.individual[3].value')) AS impactedApplications FROM tickets ORDER BY ID DESC
2025-03-28 14:09:30 [http-nio-8080-exec-1] DEBUG c.e.m.TicketMapper.findAllTickets - ==> Parameters: 
2025-03-28 14:09:30 [http-nio-8080-exec-1] DEBUG c.e.m.TicketMapper.findAllTickets - <==      Total: 15
2025-03-28 14:14:03 [http-nio-8080-exec-3] DEBUG c.e.service.TicketExportService - Fetching tickets for preview
2025-03-28 14:14:03 [http-nio-8080-exec-3] DEBUG c.e.m.TicketMapper.findAllTickets - ==>  Preparing: SELECT ID, TITLE, CREATED_USER AS createdUsersUsername, SUBSTRING_INDEX( SUBSTRING_INDEX( JSON_UNQUOTE(JSON_EXTRACT(DETAIL, '$.individual[5].editableAttachmentBlock')), '<dd class="attachment-author">', -1 ), '</dd>', 1) AS createdUser, CREATED_TIME AS createTime, MODIFIED_TIME AS finishedTime, LOCATION_ID AS locationId, STATUS, CONCAT( JSON_UNQUOTE(JSON_EXTRACT(DETAIL, '$.individual[0].value')), ' - ', JSON_UNQUOTE(JSON_EXTRACT(DETAIL, '$.individual[0].text'))) AS approver, JSON_UNQUOTE(JSON_EXTRACT(DETAIL, '$.individual[1].value')) AS requestDescription, JSON_UNQUOTE(JSON_EXTRACT(DETAIL, '$.individual[2].value')) AS benefitReason, JSON_UNQUOTE(JSON_EXTRACT(DETAIL, '$.individual[3].value')) AS impactedApplications FROM tickets ORDER BY ID DESC
2025-03-28 14:14:03 [http-nio-8080-exec-3] DEBUG c.e.m.TicketMapper.findAllTickets - ==> Parameters: 
2025-03-28 14:14:03 [http-nio-8080-exec-3] DEBUG c.e.m.TicketMapper.findAllTickets - <==      Total: 15
2025-03-28 14:33:06 [SpringApplicationShutdownHook] INFO  com.zaxxer.hikari.HikariDataSource - HikariPool-1 - Shutdown initiated...
2025-03-28 14:33:06 [SpringApplicationShutdownHook] INFO  com.zaxxer.hikari.HikariDataSource - HikariPool-1 - Shutdown completed.
