2025-03-20 16:04:22 [main] INFO  c.example.TicketExporterApplication - Starting TicketExporterApplication using Java 17.0.14 with PID 2220 (C:\Users\David Vo\Desktop\TicketProject\ExtractTicket\target\classes started by David Vo in C:\Users\David Vo\Desktop\TicketProject)
2025-03-20 16:04:22 [main] DEBUG c.example.TicketExporterApplication - Running with Spring Boot v3.2.3, Spring v6.1.4
2025-03-20 16:04:22 [main] INFO  c.example.TicketExporterApplication - No active profile set, falling back to 1 default profile: "default"
2025-03-20 16:04:23 [main] INFO  o.s.b.w.e.tomcat.TomcatWebServer - Tomcat initialized with port 8080 (http)
2025-03-20 16:04:23 [main] INFO  o.a.coyote.http11.Http11NioProtocol - Initializing ProtocolHandler ["http-nio-8080"]
2025-03-20 16:04:23 [main] INFO  o.a.catalina.core.StandardService - Starting service [Tomcat]
2025-03-20 16:04:23 [main] INFO  o.a.catalina.core.StandardEngine - Starting Servlet engine: [Apache Tomcat/10.1.19]
2025-03-20 16:04:24 [main] INFO  o.a.c.c.C.[Tomcat].[localhost].[/] - Initializing Spring embedded WebApplicationContext
2025-03-20 16:04:24 [main] INFO  o.s.b.w.s.c.ServletWebServerApplicationContext - Root WebApplicationContext: initialization completed in 1949 ms
2025-03-20 16:04:24 [main] INFO  o.a.coyote.http11.Http11NioProtocol - Starting ProtocolHandler ["http-nio-8080"]
2025-03-20 16:04:25 [main] INFO  o.s.b.w.e.tomcat.TomcatWebServer - Tomcat started on port 8080 (http) with context path ''
2025-03-20 16:04:25 [main] INFO  c.example.TicketExporterApplication - Started TicketExporterApplication in 3.738 seconds (process running for 9.257)
2025-03-20 16:04:37 [http-nio-8080-exec-1] INFO  o.a.c.c.C.[Tomcat].[localhost].[/] - Initializing Spring DispatcherServlet 'dispatcherServlet'
2025-03-20 16:04:37 [http-nio-8080-exec-1] INFO  o.s.web.servlet.DispatcherServlet - Initializing Servlet 'dispatcherServlet'
2025-03-20 16:04:37 [http-nio-8080-exec-1] INFO  o.s.web.servlet.DispatcherServlet - Completed initialization in 1 ms
2025-03-20 16:04:37 [http-nio-8080-exec-1] DEBUG c.e.service.TicketExportService - Fetching tickets for preview
2025-03-20 16:04:37 [http-nio-8080-exec-1] INFO  com.zaxxer.hikari.HikariDataSource - HikariPool-1 - Starting...
2025-03-20 16:04:38 [http-nio-8080-exec-1] INFO  com.zaxxer.hikari.pool.HikariPool - HikariPool-1 - Added connection com.mysql.cj.jdbc.ConnectionImpl@dcecb75
2025-03-20 16:04:38 [http-nio-8080-exec-1] INFO  com.zaxxer.hikari.HikariDataSource - HikariPool-1 - Start completed.
2025-03-20 16:04:38 [http-nio-8080-exec-1] DEBUG c.e.m.TicketMapper.findAllTickets - ==>  Preparing: SELECT ID, TITLE, CREATED_USER AS createdUsersUsername, SUBSTRING_INDEX( SUBSTRING_INDEX( JSON_UNQUOTE(JSON_EXTRACT(DETAIL, '$.individual[5].editableAttachmentBlock')), '<dd class="attachment-author">', -1 ), '</dd>', 1) AS createdUser, CREATED_TIME AS createTime, MODIFIED_TIME AS finishedTime, LOCATION_ID AS locationId, STATUS, CONCAT( JSON_UNQUOTE(JSON_EXTRACT(DETAIL, '$.individual[0].value')), ' - ', JSON_UNQUOTE(JSON_EXTRACT(DETAIL, '$.individual[0].text'))) AS approver, JSON_UNQUOTE(JSON_EXTRACT(DETAIL, '$.individual[1].value')) AS requestDescription, JSON_UNQUOTE(JSON_EXTRACT(DETAIL, '$.individual[2].value')) AS benefitReason, JSON_UNQUOTE(JSON_EXTRACT(DETAIL, '$.individual[3].value')) AS impactedApplications FROM tickets ORDER BY ID DESC
2025-03-20 16:04:38 [http-nio-8080-exec-1] DEBUG c.e.m.TicketMapper.findAllTickets - ==> Parameters: 
2025-03-20 16:04:38 [http-nio-8080-exec-1] DEBUG c.e.m.TicketMapper.findAllTickets - <==      Total: 15
2025-03-20 16:04:46 [SpringApplicationShutdownHook] INFO  com.zaxxer.hikari.HikariDataSource - HikariPool-1 - Shutdown initiated...
2025-03-20 16:04:46 [SpringApplicationShutdownHook] INFO  com.zaxxer.hikari.HikariDataSource - HikariPool-1 - Shutdown completed.
2025-03-20 16:26:48 [main] INFO  c.example.TicketExporterApplication - Starting TicketExporterApplication using Java 17.0.14 with PID 8560 (C:\Users\David Vo\Desktop\TicketProject\ExtractTicket\target\classes started by David Vo in C:\Users\David Vo\Desktop\TicketProject)
2025-03-20 16:26:48 [main] DEBUG c.example.TicketExporterApplication - Running with Spring Boot v3.2.3, Spring v6.1.4
2025-03-20 16:26:48 [main] INFO  c.example.TicketExporterApplication - No active profile set, falling back to 1 default profile: "default"
2025-03-20 16:26:50 [main] INFO  o.s.b.w.e.tomcat.TomcatWebServer - Tomcat initialized with port 8080 (http)
2025-03-20 16:26:50 [main] INFO  o.a.coyote.http11.Http11NioProtocol - Initializing ProtocolHandler ["http-nio-8080"]
2025-03-20 16:26:50 [main] INFO  o.a.catalina.core.StandardService - Starting service [Tomcat]
2025-03-20 16:26:50 [main] INFO  o.a.catalina.core.StandardEngine - Starting Servlet engine: [Apache Tomcat/10.1.19]
2025-03-20 16:26:50 [main] INFO  o.a.c.c.C.[Tomcat].[localhost].[/] - Initializing Spring embedded WebApplicationContext
2025-03-20 16:26:50 [main] INFO  o.s.b.w.s.c.ServletWebServerApplicationContext - Root WebApplicationContext: initialization completed in 2295 ms
2025-03-20 16:26:51 [main] INFO  o.a.coyote.http11.Http11NioProtocol - Starting ProtocolHandler ["http-nio-8080"]
2025-03-20 16:26:51 [main] INFO  o.s.b.w.e.tomcat.TomcatWebServer - Tomcat started on port 8080 (http) with context path ''
2025-03-20 16:26:51 [main] INFO  c.example.TicketExporterApplication - Started TicketExporterApplication in 4.445 seconds (process running for 5.198)
2025-03-20 16:33:11 [main] INFO  c.example.TicketExporterApplication - Starting TicketExporterApplication using Java 17.0.14 with PID 15432 (C:\Users\David Vo\Desktop\TicketProject\ExtractTicket\target\classes started by David Vo in C:\Users\David Vo\Desktop\TicketProject)
2025-03-20 16:33:11 [main] DEBUG c.example.TicketExporterApplication - Running with Spring Boot v3.2.3, Spring v6.1.4
2025-03-20 16:33:11 [main] INFO  c.example.TicketExporterApplication - No active profile set, falling back to 1 default profile: "default"
2025-03-20 16:33:13 [main] INFO  o.s.b.w.e.tomcat.TomcatWebServer - Tomcat initialized with port 8080 (http)
2025-03-20 16:33:13 [main] INFO  o.a.coyote.http11.Http11NioProtocol - Initializing ProtocolHandler ["http-nio-8080"]
2025-03-20 16:33:13 [main] INFO  o.a.catalina.core.StandardService - Starting service [Tomcat]
2025-03-20 16:33:13 [main] INFO  o.a.catalina.core.StandardEngine - Starting Servlet engine: [Apache Tomcat/10.1.19]
2025-03-20 16:33:13 [main] INFO  o.a.c.c.C.[Tomcat].[localhost].[/] - Initializing Spring embedded WebApplicationContext
2025-03-20 16:33:13 [main] INFO  o.s.b.w.s.c.ServletWebServerApplicationContext - Root WebApplicationContext: initialization completed in 1978 ms
2025-03-20 16:33:13 [main] INFO  o.a.coyote.http11.Http11NioProtocol - Starting ProtocolHandler ["http-nio-8080"]
2025-03-20 16:33:14 [main] INFO  o.s.b.w.e.tomcat.TomcatWebServer - Tomcat started on port 8080 (http) with context path ''
2025-03-20 16:33:14 [main] INFO  c.example.TicketExporterApplication - Started TicketExporterApplication in 3.858 seconds (process running for 4.505)
2025-03-20 16:39:57 [main] INFO  c.example.TicketExporterApplication - Starting TicketExporterApplication using Java 17.0.14 with PID 16028 (C:\Users\David Vo\Desktop\TicketProject\ExtractTicket\target\classes started by David Vo in C:\Users\David Vo\Desktop\TicketProject)
2025-03-20 16:39:57 [main] DEBUG c.example.TicketExporterApplication - Running with Spring Boot v3.2.3, Spring v6.1.4
2025-03-20 16:39:57 [main] INFO  c.example.TicketExporterApplication - No active profile set, falling back to 1 default profile: "default"
2025-03-20 16:40:03 [main] INFO  o.s.b.w.e.tomcat.TomcatWebServer - Tomcat initialized with port 8080 (http)
2025-03-20 16:40:03 [main] INFO  o.a.coyote.http11.Http11NioProtocol - Initializing ProtocolHandler ["http-nio-8080"]
2025-03-20 16:40:03 [main] INFO  o.a.catalina.core.StandardService - Starting service [Tomcat]
2025-03-20 16:40:03 [main] INFO  o.a.catalina.core.StandardEngine - Starting Servlet engine: [Apache Tomcat/10.1.19]
2025-03-20 16:40:03 [main] INFO  o.a.c.c.C.[Tomcat].[localhost].[/] - Initializing Spring embedded WebApplicationContext
2025-03-20 16:40:03 [main] INFO  o.s.b.w.s.c.ServletWebServerApplicationContext - Root WebApplicationContext: initialization completed in 5885 ms
2025-03-20 16:40:05 [main] INFO  o.a.coyote.http11.Http11NioProtocol - Starting ProtocolHandler ["http-nio-8080"]
2025-03-20 16:40:05 [main] INFO  o.s.b.w.e.tomcat.TomcatWebServer - Tomcat started on port 8080 (http) with context path ''
2025-03-20 16:40:05 [main] INFO  c.example.TicketExporterApplication - Started TicketExporterApplication in 10.013 seconds (process running for 10.846)
2025-03-20 16:40:17 [http-nio-8080-exec-2] INFO  o.a.c.c.C.[Tomcat].[localhost].[/] - Initializing Spring DispatcherServlet 'dispatcherServlet'
2025-03-20 16:40:17 [http-nio-8080-exec-2] INFO  o.s.web.servlet.DispatcherServlet - Initializing Servlet 'dispatcherServlet'
2025-03-20 16:40:17 [http-nio-8080-exec-2] INFO  o.s.web.servlet.DispatcherServlet - Completed initialization in 0 ms
2025-03-20 16:40:18 [http-nio-8080-exec-2] DEBUG c.e.service.TicketExportService - Fetching tickets for preview
2025-03-20 16:40:18 [http-nio-8080-exec-2] INFO  com.zaxxer.hikari.HikariDataSource - HikariPool-1 - Starting...
